<?xml version="1.0" encoding="UTF-8"?>
<!-- Generated by org.testng.reporters.JUnitReportReporter -->
<testsuite hostname="MazharHP" failures="0" tests="1" name="org.sdet.myProject.ErrorValidationTest" time="14.803" errors="0" timestamp="2024-11-02T14:00:49 GMT" skipped="0">
  <testcase classname="org.sdet.myProject.ErrorValidationTest" name="loginErrorValidation" time="14.803"/>
</testsuite> <!-- org.sdet.myProject.ErrorValidationTest -->
