<?xml version="1.0" encoding="UTF-8"?>
<!-- Generated by org.testng.reporters.JUnitReportReporter -->
<testsuite hostname="MazharHP" failures="0" tests="2" name="org.sdet.myProject.ErrorValidationTest" time="72.887" errors="0" timestamp="2024-10-31T19:30:17 GMT" skipped="0">
  <testcase classname="org.sdet.myProject.ErrorValidationTest" name="loginErrorValidation" time="29.701"/>
  <testcase classname="org.sdet.myProject.ErrorValidationTest" name="productErrorValidation" time="43.186"/>
</testsuite> <!-- org.sdet.myProject.ErrorValidationTest -->
