<?xml version="1.0" encoding="UTF-8"?>
<!-- Generated by org.testng.reporters.JUnitReportReporter -->
<testsuite hostname="MazharHP" failures="0" tests="1" name="Cucumber.TestNGTestRunner" time="8.991" errors="0" timestamp="2024-11-03T02:28:27 GMT" skipped="0">
  <testcase classname="Cucumber.TestNGTestRunner" name="runScenario" time="8.991"/>
</testsuite> <!-- Cucumber.TestNGTestRunner -->
